0 info it worked if it ends with ok
1 verbose cli [ 'C:\\Program Files\\nodejs\\node.exe',
1 verbose cli   'C:\\Program Files\\nodejs\\node_modules\\npm\\bin\\npm-cli.js',
1 verbose cli   'start' ]
2 info using npm@3.8.3
3 info using node@v5.10.0
4 verbose run-script [ 'prestart', 'start', 'poststart' ]
5 info lifecycle taskmanagement@0.1.0~prestart: taskmanagement@0.1.0
6 silly lifecycle taskmanagement@0.1.0~prestart: no script for prestart, continuing
7 info lifecycle taskmanagement@0.1.0~start: taskmanagement@0.1.0
8 verbose lifecycle taskmanagement@0.1.0~start: unsafe-perm in lifecycle true
9 verbose lifecycle taskmanagement@0.1.0~start: PATH: C:\Program Files\nodejs\node_modules\npm\bin\node-gyp-bin;E:\UQUTUB Work\TodoApp-V2-sample\server\node_modules\.bin;C:\Program Files\nodejs;C:\ProgramData\Oracle\Java\javapath;C:\Windows\system32;C:\Windows;C:\Windows\System32\Wbem;C:\Windows\System32\WindowsPowerShell\v1.0\;C:\Program Files (x86)\Skype\Phone\;C:\Program Files\Git\cmd;C:\Program Files\MongoDB\Server\3.2\bin;C:\Program Files (x86)\android-sdk-windows\platform-tools;C:\Program Files (x86)\android-sdk-windows\tools;C:\Program Files\nodejs\;C:\Program Files (x86)\Microsoft VS Code\bin;C:\Program Files (x86)\Java\jdk1.8.0_25\bin;C:\Users\Muhammad Muzzammil\AppData\Roaming\npm
10 verbose lifecycle taskmanagement@0.1.0~start: CWD: E:\UQUTUB Work\TodoApp-V2-sample\server
11 silly lifecycle taskmanagement@0.1.0~start: Args: [ '/d /s /c', 'gulp start' ]
12 silly lifecycle taskmanagement@0.1.0~start: Returned: code: 1  signal: null
13 info lifecycle taskmanagement@0.1.0~start: Failed to exec start script
14 verbose stack Error: taskmanagement@0.1.0 start: `gulp start`
14 verbose stack Exit status 1
14 verbose stack     at EventEmitter.<anonymous> (C:\Program Files\nodejs\node_modules\npm\lib\utils\lifecycle.js:239:16)
14 verbose stack     at emitTwo (events.js:100:13)
14 verbose stack     at EventEmitter.emit (events.js:185:7)
14 verbose stack     at ChildProcess.<anonymous> (C:\Program Files\nodejs\node_modules\npm\lib\utils\spawn.js:24:14)
14 verbose stack     at emitTwo (events.js:100:13)
14 verbose stack     at ChildProcess.emit (events.js:185:7)
14 verbose stack     at maybeClose (internal/child_process.js:850:16)
14 verbose stack     at Process.ChildProcess._handle.onexit (internal/child_process.js:215:5)
15 verbose pkgid taskmanagement@0.1.0
16 verbose cwd E:\UQUTUB Work\TodoApp-V2-sample\server
17 error Windows_NT 10.0.10586
18 error argv "C:\\Program Files\\nodejs\\node.exe" "C:\\Program Files\\nodejs\\node_modules\\npm\\bin\\npm-cli.js" "start"
19 error node v5.10.0
20 error npm  v3.8.3
21 error code ELIFECYCLE
22 error taskmanagement@0.1.0 start: `gulp start`
22 error Exit status 1
23 error Failed at the taskmanagement@0.1.0 start script 'gulp start'.
23 error Make sure you have the latest version of node.js and npm installed.
23 error If you do, this is most likely a problem with the taskmanagement package,
23 error not with npm itself.
23 error Tell the author that this fails on your system:
23 error     gulp start
23 error You can get information on how to open an issue for this project with:
23 error     npm bugs taskmanagement
23 error Or if that isn't available, you can get their info via:
23 error     npm owner ls taskmanagement
23 error There is likely additional logging output above.
24 verbose exit [ 1, true ]
